<?xml version="1.0" encoding="UTF-8"?>
<!-- Generated by org.testng.reporters.JUnitReportReporter -->
<testsuite hostname="DESKTOP-4ENOC4C" failures="0" tests="1" name="testCases.TC_001_LoginPageTest" time="5.020" errors="0" timestamp="2023-09-18T18:29:14 IST" skipped="0">
  <testcase classname="testCases.TC_001_LoginPageTest" name="login_test" time="5.020"/>
</testsuite> <!-- testCases.TC_001_LoginPageTest -->
